  console.cpp
E:\School\sem2\OOP\lab5_6_oop\console.cpp(78,1): warning C4996: 'strtok': This function or variable may be unsafe. Consider using strtok_s instead. To disable deprecation, use _CRT_SECURE_NO_WARNINGS. See online help for details.
C:\Program Files (x86)\Windows Kits\10\Include\10.0.18362.0\ucrt\string.h(440): message : see declaration of 'strtok'
E:\School\sem2\OOP\lab5_6_oop\console.cpp(81,1): warning C4996: 'strtok': This function or variable may be unsafe. Consider using strtok_s instead. To disable deprecation, use _CRT_SECURE_NO_WARNINGS. See online help for details.
C:\Program Files (x86)\Windows Kits\10\Include\10.0.18362.0\ucrt\string.h(440): message : see declaration of 'strtok'
E:\School\sem2\OOP\lab5_6_oop\console.cpp(83,1): warning C4996: 'strtok': This function or variable may be unsafe. Consider using strtok_s instead. To disable deprecation, use _CRT_SECURE_NO_WARNINGS. See online help for details.
C:\Program Files (x86)\Windows Kits\10\Include\10.0.18362.0\ucrt\string.h(440): message : see declaration of 'strtok'
E:\School\sem2\OOP\lab5_6_oop\console.cpp(85,1): warning C4996: 'strtok': This function or variable may be unsafe. Consider using strtok_s instead. To disable deprecation, use _CRT_SECURE_NO_WARNINGS. See online help for details.
C:\Program Files (x86)\Windows Kits\10\Include\10.0.18362.0\ucrt\string.h(440): message : see declaration of 'strtok'
E:\School\sem2\OOP\lab5_6_oop\console.cpp(87,1): warning C4996: 'strtok': This function or variable may be unsafe. Consider using strtok_s instead. To disable deprecation, use _CRT_SECURE_NO_WARNINGS. See online help for details.
C:\Program Files (x86)\Windows Kits\10\Include\10.0.18362.0\ucrt\string.h(440): message : see declaration of 'strtok'
E:\School\sem2\OOP\lab5_6_oop\console.cpp(94,1): warning C4996: 'strtok': This function or variable may be unsafe. Consider using strtok_s instead. To disable deprecation, use _CRT_SECURE_NO_WARNINGS. See online help for details.
C:\Program Files (x86)\Windows Kits\10\Include\10.0.18362.0\ucrt\string.h(440): message : see declaration of 'strtok'
E:\School\sem2\OOP\lab5_6_oop\console.cpp(101,1): warning C4996: 'strtok': This function or variable may be unsafe. Consider using strtok_s instead. To disable deprecation, use _CRT_SECURE_NO_WARNINGS. See online help for details.
C:\Program Files (x86)\Windows Kits\10\Include\10.0.18362.0\ucrt\string.h(440): message : see declaration of 'strtok'
E:\School\sem2\OOP\lab5_6_oop\console.cpp(103,1): warning C4996: 'strtok': This function or variable may be unsafe. Consider using strtok_s instead. To disable deprecation, use _CRT_SECURE_NO_WARNINGS. See online help for details.
C:\Program Files (x86)\Windows Kits\10\Include\10.0.18362.0\ucrt\string.h(440): message : see declaration of 'strtok'
E:\School\sem2\OOP\lab5_6_oop\console.cpp(105,1): warning C4996: 'strtok': This function or variable may be unsafe. Consider using strtok_s instead. To disable deprecation, use _CRT_SECURE_NO_WARNINGS. See online help for details.
C:\Program Files (x86)\Windows Kits\10\Include\10.0.18362.0\ucrt\string.h(440): message : see declaration of 'strtok'
E:\School\sem2\OOP\lab5_6_oop\console.cpp(107,1): warning C4996: 'strtok': This function or variable may be unsafe. Consider using strtok_s instead. To disable deprecation, use _CRT_SECURE_NO_WARNINGS. See online help for details.
C:\Program Files (x86)\Windows Kits\10\Include\10.0.18362.0\ucrt\string.h(440): message : see declaration of 'strtok'
  main.cpp
E:\School\sem2\OOP\lab5_6_oop\main.cpp(14,1): warning C4326: return type of 'main' should be 'int' instead of 'void'
  repository.cpp
  service.cpp
  tests.cpp
  Generating Code...
  lab5_6_oop.vcxproj -> E:\School\sem2\OOP\lab5_6_oop\x64\Debug\lab5_6_oop.exe
