[2020-04-27 13:15:35] [info] Start Program:
Path:"E:\\School\\sem2\\OOP\\lab8_oop\\x64\\Debug\\lab8_oop.exe"
Arguments:
Working directory: "E:\\School\\sem2\\OOP\\lab8_oop\\"
Modules: Selected: E:\School\sem2\OOP\lab8_oop\x64\Debug\lab8_oop.exe Excluded: 
Sources: Selected: E:\School\sem2\OOP\lab8_oop Excluded: 
Log Level: Normal
Cover Children: 0
Aggregate by file: 1
Continue after C++ exception: 0
Optimized build support: 0
Export: binary C:\Users\Carina\AppData\Local\Temp\dcmf4stm.jsz 
Input coverage: 
Unified diff: 
Excluded line regular expressions: 
Substitute pdb source paths: 

[2020-04-27 13:15:35] [info] Module: E:\School\sem2\OOP\lab8_oop\x64\Debug\lab8_oop.exe is selected because it matches selected pattern: E:\School\sem2\OOP\lab8_oop\x64\Debug\lab8_oop.exe
[2020-04-27 13:15:36] [info] ----------------------------------------------------
[2020-04-27 13:15:36] [info] Coverage binary generated in file: C:\Users\Carina\AppData\Local\Temp\dcmf4stm.jsz
[2020-04-27 13:15:36] [info] ----------------------------------------------------
