  console.c
E:\School\sem2\OOP\doamne_da_poate_asta_merge\console.c(18,7): warning C4013: 'gets' undefined; assuming extern returning int
E:\School\sem2\OOP\doamne_da_poate_asta_merge\console.c(77,66): warning C4020: 'listSpecialization': too many actual parameters
E:\School\sem2\OOP\doamne_da_poate_asta_merge\console.c(19,1): warning C4996: 'strtok': This function or variable may be unsafe. Consider using strtok_s instead. To disable deprecation, use _CRT_SECURE_NO_WARNINGS. See online help for details.
C:\Program Files (x86)\Windows Kits\10\Include\10.0.18362.0\ucrt\string.h(440): message : see declaration of 'strtok'
E:\School\sem2\OOP\doamne_da_poate_asta_merge\console.c(23,1): warning C4996: 'strtok': This function or variable may be unsafe. Consider using strtok_s instead. To disable deprecation, use _CRT_SECURE_NO_WARNINGS. See online help for details.
C:\Program Files (x86)\Windows Kits\10\Include\10.0.18362.0\ucrt\string.h(440): message : see declaration of 'strtok'
E:\School\sem2\OOP\doamne_da_poate_asta_merge\console.c(25,1): warning C4996: 'strtok': This function or variable may be unsafe. Consider using strtok_s instead. To disable deprecation, use _CRT_SECURE_NO_WARNINGS. See online help for details.
C:\Program Files (x86)\Windows Kits\10\Include\10.0.18362.0\ucrt\string.h(440): message : see declaration of 'strtok'
E:\School\sem2\OOP\doamne_da_poate_asta_merge\console.c(27,1): warning C4996: 'strcpy': This function or variable may be unsafe. Consider using strcpy_s instead. To disable deprecation, use _CRT_SECURE_NO_WARNINGS. See online help for details.
C:\Program Files (x86)\Windows Kits\10\Include\10.0.18362.0\ucrt\string.h(133): message : see declaration of 'strcpy'
E:\School\sem2\OOP\doamne_da_poate_asta_merge\console.c(28,1): warning C4996: 'strtok': This function or variable may be unsafe. Consider using strtok_s instead. To disable deprecation, use _CRT_SECURE_NO_WARNINGS. See online help for details.
C:\Program Files (x86)\Windows Kits\10\Include\10.0.18362.0\ucrt\string.h(440): message : see declaration of 'strtok'
E:\School\sem2\OOP\doamne_da_poate_asta_merge\console.c(30,1): warning C4996: 'strcpy': This function or variable may be unsafe. Consider using strcpy_s instead. To disable deprecation, use _CRT_SECURE_NO_WARNINGS. See online help for details.
C:\Program Files (x86)\Windows Kits\10\Include\10.0.18362.0\ucrt\string.h(133): message : see declaration of 'strcpy'
E:\School\sem2\OOP\doamne_da_poate_asta_merge\console.c(31,1): warning C4996: 'strtok': This function or variable may be unsafe. Consider using strtok_s instead. To disable deprecation, use _CRT_SECURE_NO_WARNINGS. See online help for details.
C:\Program Files (x86)\Windows Kits\10\Include\10.0.18362.0\ucrt\string.h(440): message : see declaration of 'strtok'
E:\School\sem2\OOP\doamne_da_poate_asta_merge\console.c(41,1): warning C4996: 'strtok': This function or variable may be unsafe. Consider using strtok_s instead. To disable deprecation, use _CRT_SECURE_NO_WARNINGS. See online help for details.
C:\Program Files (x86)\Windows Kits\10\Include\10.0.18362.0\ucrt\string.h(440): message : see declaration of 'strtok'
E:\School\sem2\OOP\doamne_da_poate_asta_merge\console.c(52,1): warning C4996: 'strtok': This function or variable may be unsafe. Consider using strtok_s instead. To disable deprecation, use _CRT_SECURE_NO_WARNINGS. See online help for details.
C:\Program Files (x86)\Windows Kits\10\Include\10.0.18362.0\ucrt\string.h(440): message : see declaration of 'strtok'
E:\School\sem2\OOP\doamne_da_poate_asta_merge\console.c(54,1): warning C4996: 'strtok': This function or variable may be unsafe. Consider using strtok_s instead. To disable deprecation, use _CRT_SECURE_NO_WARNINGS. See online help for details.
C:\Program Files (x86)\Windows Kits\10\Include\10.0.18362.0\ucrt\string.h(440): message : see declaration of 'strtok'
E:\School\sem2\OOP\doamne_da_poate_asta_merge\console.c(56,1): warning C4996: 'strcpy': This function or variable may be unsafe. Consider using strcpy_s instead. To disable deprecation, use _CRT_SECURE_NO_WARNINGS. See online help for details.
C:\Program Files (x86)\Windows Kits\10\Include\10.0.18362.0\ucrt\string.h(133): message : see declaration of 'strcpy'
E:\School\sem2\OOP\doamne_da_poate_asta_merge\console.c(57,1): warning C4996: 'strtok': This function or variable may be unsafe. Consider using strtok_s instead. To disable deprecation, use _CRT_SECURE_NO_WARNINGS. See online help for details.
C:\Program Files (x86)\Windows Kits\10\Include\10.0.18362.0\ucrt\string.h(440): message : see declaration of 'strtok'
E:\School\sem2\OOP\doamne_da_poate_asta_merge\console.c(59,1): warning C4996: 'strcpy': This function or variable may be unsafe. Consider using strcpy_s instead. To disable deprecation, use _CRT_SECURE_NO_WARNINGS. See online help for details.
C:\Program Files (x86)\Windows Kits\10\Include\10.0.18362.0\ucrt\string.h(133): message : see declaration of 'strcpy'
E:\School\sem2\OOP\doamne_da_poate_asta_merge\console.c(60,1): warning C4996: 'strtok': This function or variable may be unsafe. Consider using strtok_s instead. To disable deprecation, use _CRT_SECURE_NO_WARNINGS. See online help for details.
C:\Program Files (x86)\Windows Kits\10\Include\10.0.18362.0\ucrt\string.h(440): message : see declaration of 'strtok'
E:\School\sem2\OOP\doamne_da_poate_asta_merge\console.c(72,1): warning C4996: 'strtok': This function or variable may be unsafe. Consider using strtok_s instead. To disable deprecation, use _CRT_SECURE_NO_WARNINGS. See online help for details.
C:\Program Files (x86)\Windows Kits\10\Include\10.0.18362.0\ucrt\string.h(440): message : see declaration of 'strtok'
E:\School\sem2\OOP\doamne_da_poate_asta_merge\console.c(76,1): warning C4996: 'strcpy': This function or variable may be unsafe. Consider using strcpy_s instead. To disable deprecation, use _CRT_SECURE_NO_WARNINGS. See online help for details.
C:\Program Files (x86)\Windows Kits\10\Include\10.0.18362.0\ucrt\string.h(133): message : see declaration of 'strcpy'
  service.c
E:\School\sem2\OOP\doamne_da_poate_asta_merge\service.c(36,53): warning C4047: '=': 'char' differs in levels of indirection from 'char [2]'
E:\School\sem2\OOP\doamne_da_poate_asta_merge\service.c(33,1): warning C4996: 'strcat': This function or variable may be unsafe. Consider using strcat_s instead. To disable deprecation, use _CRT_SECURE_NO_WARNINGS. See online help for details.
C:\Program Files (x86)\Windows Kits\10\Include\10.0.18362.0\ucrt\string.h(90): message : see declaration of 'strcat'
E:\School\sem2\OOP\doamne_da_poate_asta_merge\service.c(34,1): warning C4996: 'strcat': This function or variable may be unsafe. Consider using strcat_s instead. To disable deprecation, use _CRT_SECURE_NO_WARNINGS. See online help for details.
C:\Program Files (x86)\Windows Kits\10\Include\10.0.18362.0\ucrt\string.h(90): message : see declaration of 'strcat'
E:\School\sem2\OOP\doamne_da_poate_asta_merge\service.c(41,1): warning C4029: declared formal parameter list different from definition
E:\School\sem2\OOP\doamne_da_poate_asta_merge\service.c(45,62): warning C4047: 'function': 'const char *' differs in levels of indirection from 'char'
E:\School\sem2\OOP\doamne_da_poate_asta_merge\service.c(45,62): warning C4024: 'strcmp': different types for formal and actual parameter 2
E:\School\sem2\OOP\doamne_da_poate_asta_merge\service.c(53,65): warning C4047: '=': 'char' differs in levels of indirection from 'char [2]'
E:\School\sem2\OOP\doamne_da_poate_asta_merge\service.c(49,1): warning C4996: 'strcat': This function or variable may be unsafe. Consider using strcat_s instead. To disable deprecation, use _CRT_SECURE_NO_WARNINGS. See online help for details.
C:\Program Files (x86)\Windows Kits\10\Include\10.0.18362.0\ucrt\string.h(90): message : see declaration of 'strcat'
E:\School\sem2\OOP\doamne_da_poate_asta_merge\service.c(50,1): warning C4996: 'strcat': This function or variable may be unsafe. Consider using strcat_s instead. To disable deprecation, use _CRT_SECURE_NO_WARNINGS. See online help for details.
C:\Program Files (x86)\Windows Kits\10\Include\10.0.18362.0\ucrt\string.h(90): message : see declaration of 'strcat'
  Generating Code...
E:\School\sem2\OOP\doamne_da_poate_asta_merge\service.c(37): warning C4172: returning address of local variable or temporary: all_bots_to_print
E:\School\sem2\OOP\doamne_da_poate_asta_merge\service.c(54): warning C4172: returning address of local variable or temporary: all_bots_specialization
  doamne_da_poate_asta_merge.vcxproj -> E:\School\sem2\OOP\doamne_da_poate_asta_merge\Debug\doamne_da_poate_asta_merge.exe
